

HI-TECH Software PIC LITE Macro Assembler V9.83 build 10920 
                                                                                               Thu Dec 17 13:24:53 2020

HI-TECH Software Omniscient Code Generator (Lite mode) build 10920
     1  0000                     opt subtitle "HI-TECH Software Omniscient Code Generator (Lite mode) build 10920"
     2                           
     3                           opt pagewidth 120
     4                           
     5                           	opt lm
     6                           
     7                           	processor	16F877A
     8                           clrc	macro
     9                           	bcf	3,0
    10  0000                     	endm
    11                           clrz	macro
    12                           	bcf	3,2
    13  0000                     	endm
    14                           setc	macro
    15                           	bsf	3,0
    16  0000                     	endm
    17                           setz	macro
    18                           	bsf	3,2
    19  0000                     	endm
    20                           skipc	macro
    21                           	btfss	3,0
    22  0000                     	endm
    23                           skipz	macro
    24                           	btfss	3,2
    25  0000                     	endm
    26                           skipnc	macro
    27                           	btfsc	3,0
    28  0000                     	endm
    29                           skipnz	macro
    30                           	btfsc	3,2
    31  0000                     	endm
    32  0000                     indf	equ	0
    33  0000                     indf0	equ	0
    34  0002                     pc	equ	2
    35  0002                     pcl	equ	2
    36  0003                     status	equ	3
    37  0004                     fsr	equ	4
    38  0004                     fsr0	equ	4
    39  0001                     c	equ	1
    40  0000                     z	equ	0
    41  000A                     pclath	equ	10
    42                           	FNROOT	_main
    43                           	global	_PORTB
    44                           psect	maintext,global,class=CODE,delta=2
    45                           global __pmaintext
    46  07B1                     __pmaintext:
    47  0006                     _PORTB	set	6
    48                           	global	_CARRY
    49  0018                     _CARRY	set	24
    50                           	global	_GIE
    51  005F                     _GIE	set	95
    52                           	global	_TRISB
    53  0086                     _TRISB	set	134
    54                           	global	_EEADR
    55  010D                     _EEADR	set	269
    56                           	global	_EEDATA
    57  010C                     _EEDATA	set	268
    58                           	global	_EECON1
    59  018C                     _EECON1	set	396
    60                           	global	_EECON2
    61  018D                     _EECON2	set	397
    62                           	global	_RD
    63  0C60                     _RD	set	3168
    64                           	global	_WR
    65  0C61                     _WR	set	3169
    66                           	global	_WREN
    67  0C62                     _WREN	set	3170
    68                           	file	"Base.as"
    69                           	line	#
    70                           psect cinit,class=CODE,delta=2
    71                           global start_initialization
    72  07AD                     start_initialization:
    73                           
    74                           psect cinit,class=CODE,delta=2
    75                           global end_of_initialization
    76                           
    77                           ;End of C runtime variable initialization code
    78                           
    79  07AD                     end_of_initialization:
    80  07AD  0183               clrf status
    81  07AE  120A  118A  2FB1   ljmp _main	;jump to C main() function
    82                           psect	cstackCOMMON,class=COMMON,space=1
    83                           global __pcstackCOMMON
    84  0070                     __pcstackCOMMON:
    85                           	global	?_main
    86  0070                     ?_main:	; 0 bytes @ 0x0
    87                           	global	??_main
    88  0070                     ??_main:	; 0 bytes @ 0x0
    89  0070                     	ds	3
    90 ;;Data sizes: Strings 0, constant 0, data 0, bss 0, persistent 0 stack 0
    91 ;;Auto spaces:   Size  Autos    Used
    92 ;; COMMON          14      3       3
    93 ;; BANK0           80      0       0
    94 ;; BANK1           80      0       0
    95 ;; BANK3           96      0       0
    96 ;; BANK2           96      0       0
    97                           
    98 ;;
    99 ;; Pointer list with targets:
   100                           
   101                           
   102                           
   103 ;;
   104 ;; Critical Paths under _main in COMMON
   105 ;;
   106 ;;   None.
   107 ;;
   108 ;; Critical Paths under _main in BANK0
   109 ;;
   110 ;;   None.
   111 ;;
   112 ;; Critical Paths under _main in BANK1
   113 ;;
   114 ;;   None.
   115 ;;
   116 ;; Critical Paths under _main in BANK3
   117 ;;
   118 ;;   None.
   119 ;;
   120 ;; Critical Paths under _main in BANK2
   121 ;;
   122 ;;   None.
   123                           
   124 ;;
   125 ;;Main: autosize = 0, tempsize = 3, incstack = 0, save=0
   126 ;;
   127                           
   128 ;;
   129 ;;Call Graph Tables:
   130 ;;
   131 ;; ---------------------------------------------------------------------------------
   132 ;; (Depth) Function   	        Calls       Base Space   Used Autos Params    Refs
   133 ;; ---------------------------------------------------------------------------------
   134 ;; (0) _main                                                 3     3      0       0
   135 ;;                                              0 COMMON     3     3      0
   136 ;; ---------------------------------------------------------------------------------
   137 ;; Estimated maximum stack depth 0
   138 ;; ---------------------------------------------------------------------------------
   139                           
   140 ;; Call Graph Graphs:
   141                           
   142 ;; _main (ROOT)
   143 ;;
   144                           
   145 ;; Address spaces:
   146                           
   147 ;;Name               Size   Autos  Total    Cost      Usage
   148 ;;BITCOMMON            E      0       0       0        0.0%
   149 ;;EEDATA             100      0       0       0        0.0%
   150 ;;NULL                 0      0       0       0        0.0%
   151 ;;CODE                 0      0       0       0        0.0%
   152 ;;COMMON               E      3       3       1       21.4%
   153 ;;BITSFR0              0      0       0       1        0.0%
   154 ;;SFR0                 0      0       0       1        0.0%
   155 ;;BITSFR1              0      0       0       2        0.0%
   156 ;;SFR1                 0      0       0       2        0.0%
   157 ;;STACK                0      0       0       2        0.0%
   158 ;;ABS                  0      0       0       3        0.0%
   159 ;;BITBANK0            50      0       0       4        0.0%
   160 ;;BITSFR3              0      0       0       4        0.0%
   161 ;;SFR3                 0      0       0       4        0.0%
   162 ;;BANK0               50      0       0       5        0.0%
   163 ;;BITSFR2              0      0       0       5        0.0%
   164 ;;SFR2                 0      0       0       5        0.0%
   165 ;;BITBANK1            50      0       0       6        0.0%
   166 ;;BANK1               50      0       0       7        0.0%
   167 ;;BITBANK3            60      0       0       8        0.0%
   168 ;;BANK3               60      0       0       9        0.0%
   169 ;;BITBANK2            60      0       0      10        0.0%
   170 ;;BANK2               60      0       0      11        0.0%
   171 ;;DATA                 0      0       0      12        0.0%
   172                           
   173                           	global	_main
   174                           psect	maintext
   175                           
   176 ;; *************** function _main *****************
   177 ;; Defined at:
   178 ;;		line 4 in file "C:\Users\ANGICIA\Desktop\04.BitShift\main.c"
   179 ;; Parameters:    Size  Location     Type
   180 ;;		None
   181 ;; Auto vars:     Size  Location     Type
   182 ;;		None
   183 ;; Return value:  Size  Location     Type
   184 ;;		None               void
   185 ;; Registers used:
   186 ;;		wreg, status,2
   187 ;; Tracked objects:
   188 ;;		On entry : 17F/0
   189 ;;		On exit  : 0/0
   190 ;;		Unchanged: 0/0
   191 ;; Data sizes:     COMMON   BANK0   BANK1   BANK3   BANK2
   192 ;;      Params:         0       0       0       0       0
   193 ;;      Locals:         0       0       0       0       0
   194 ;;      Temps:          3       0       0       0       0
   195 ;;      Totals:         3       0       0       0       0
   196 ;;Total ram usage:        3 bytes
   197 ;; This function calls:
   198 ;;		Nothing
   199 ;; This function is called by:
   200 ;;		Startup code after reset
   201 ;; This function uses a non-reentrant model
   202 ;;
   203                           psect	maintext
   204                           	file	"C:\Users\ANGICIA\Desktop\04.BitShift\main.c"
   205                           	line	4
   206                           	global	__size_of_main
   207  004F                     	__size_of_main	equ	__end_of_main-_main
   208                           	
   209  07B1                     _main:	
   210                           	opt	stack 8
   211                           ; Regs used in _main: [wreg+status,2]
   212                           	line	5
   213                           	
   214  07B1                     l2595:	
   215                           ;main.c: 5: TRISB =0X00;
   216  07B1  1683               	bsf	status, 5	;RP0=1, select bank1
   217  07B2  1303               	bcf	status, 6	;RP1=0, select bank1
   218  07B3  0186               	clrf	(134)^080h	;volatile
   219                           	line	6
   220                           	
   221  07B4                     l2597:	
   222                           ;main.c: 6: PORTB=0X03;
   223  07B4  3003               	movlw	(03h)
   224  07B5  1283               	bcf	status, 5	;RP0=0, select bank0
   225  07B6  1303               	bcf	status, 6	;RP1=0, select bank0
   226  07B7  0086               	movwf	(6)	;volatile
   227  07B8  2FB9               	goto	l2599
   228                           	line	7
   229                           ;main.c: 7: while(1)
   230                           	
   231  07B9                     l687:	
   232                           	line	9
   233                           	
   234  07B9                     l2599:	
   235                           ;main.c: 8: {
   236                           ;main.c: 9: PORTB=1<<1;
   237  07B9  3002               	movlw	(02h)
   238  07BA  1283               	bcf	status, 5	;RP0=0, select bank0
   239  07BB  1303               	bcf	status, 6	;RP1=0, select bank0
   240  07BC  0086               	movwf	(6)	;volatile
   241                           	line	10
   242                           	
   243  07BD                     l2601:	
   244                           ;main.c: 10: _delay((unsigned long)((1000)*(8000000/4000.0)));
   245                           	opt asmopt_off
   246  07BD  300B               movlw  11
   247  07BE  00F2               movwf	((??_main+0)+0+2),f
   248  07BF  3026               movlw	38
   249  07C0  00F1               movwf	((??_main+0)+0+1),f
   250  07C1  3066               	movlw	102
   251  07C2  00F0               movwf	((??_main+0)+0),f
   252  07C3                     u2227:
   253  07C3  0BF0               	decfsz	((??_main+0)+0),f
   254  07C4  2FC3               	goto	u2227
   255  07C5  0BF1               	decfsz	((??_main+0)+0+1),f
   256  07C6  2FC3               	goto	u2227
   257  07C7  0BF2               	decfsz	((??_main+0)+0+2),f
   258  07C8  2FC3               	goto	u2227
   259  07C9  2FCA               	nop2
   260                           opt asmopt_on
   261                           
   262                           	line	11
   263                           	
   264  07CA                     l2603:	
   265                           ;main.c: 11: PORTB=0X00;
   266  07CA  1283               	bcf	status, 5	;RP0=0, select bank0
   267  07CB  1303               	bcf	status, 6	;RP1=0, select bank0
   268  07CC  0186               	clrf	(6)	;volatile
   269                           	line	12
   270                           ;main.c: 12: _delay((unsigned long)((1000)*(8000000/4000.0)));
   271                           	opt asmopt_off
   272  07CD  300B               movlw  11
   273  07CE  00F2               movwf	((??_main+0)+0+2),f
   274  07CF  3026               movlw	38
   275  07D0  00F1               movwf	((??_main+0)+0+1),f
   276  07D1  3066               	movlw	102
   277  07D2  00F0               movwf	((??_main+0)+0),f
   278  07D3                     u2237:
   279  07D3  0BF0               	decfsz	((??_main+0)+0),f
   280  07D4  2FD3               	goto	u2237
   281  07D5  0BF1               	decfsz	((??_main+0)+0+1),f
   282  07D6  2FD3               	goto	u2237
   283  07D7  0BF2               	decfsz	((??_main+0)+0+2),f
   284  07D8  2FD3               	goto	u2237
   285  07D9  2FDA               	nop2
   286                           opt asmopt_on
   287                           
   288                           	line	13
   289                           ;main.c: 13: PORTB=1<<2;
   290  07DA  3004               	movlw	(04h)
   291  07DB  1283               	bcf	status, 5	;RP0=0, select bank0
   292  07DC  1303               	bcf	status, 6	;RP1=0, select bank0
   293  07DD  0086               	movwf	(6)	;volatile
   294                           	line	14
   295                           ;main.c: 14: _delay((unsigned long)((1000)*(8000000/4000.0)));
   296                           	opt asmopt_off
   297  07DE  300B               movlw  11
   298  07DF  00F2               movwf	((??_main+0)+0+2),f
   299  07E0  3026               movlw	38
   300  07E1  00F1               movwf	((??_main+0)+0+1),f
   301  07E2  3066               	movlw	102
   302  07E3  00F0               movwf	((??_main+0)+0),f
   303  07E4                     u2247:
   304  07E4  0BF0               	decfsz	((??_main+0)+0),f
   305  07E5  2FE4               	goto	u2247
   306  07E6  0BF1               	decfsz	((??_main+0)+0+1),f
   307  07E7  2FE4               	goto	u2247
   308  07E8  0BF2               	decfsz	((??_main+0)+0+2),f
   309  07E9  2FE4               	goto	u2247
   310  07EA  2FEB               	nop2
   311                           opt asmopt_on
   312                           
   313                           	line	15
   314                           	
   315  07EB                     l2605:	
   316                           ;main.c: 15: PORTB=0X00;
   317  07EB  1283               	bcf	status, 5	;RP0=0, select bank0
   318  07EC  1303               	bcf	status, 6	;RP1=0, select bank0
   319  07ED  0186               	clrf	(6)	;volatile
   320                           	line	16
   321                           	
   322  07EE                     l2607:	
   323                           ;main.c: 16: _delay((unsigned long)((1000)*(8000000/4000.0)));
   324                           	opt asmopt_off
   325  07EE  300B               movlw  11
   326  07EF  00F2               movwf	((??_main+0)+0+2),f
   327  07F0  3026               movlw	38
   328  07F1  00F1               movwf	((??_main+0)+0+1),f
   329  07F2  3066               	movlw	102
   330  07F3  00F0               movwf	((??_main+0)+0),f
   331  07F4                     u2257:
   332  07F4  0BF0               	decfsz	((??_main+0)+0),f
   333  07F5  2FF4               	goto	u2257
   334  07F6  0BF1               	decfsz	((??_main+0)+0+1),f
   335  07F7  2FF4               	goto	u2257
   336  07F8  0BF2               	decfsz	((??_main+0)+0+2),f
   337  07F9  2FF4               	goto	u2257
   338  07FA  2FFB               	nop2
   339                           opt asmopt_on
   340                           
   341  07FB  2FB9               	goto	l2599
   342                           	line	17
   343                           	
   344  07FC                     l688:	
   345                           	line	7
   346  07FC  2FB9               	goto	l2599
   347                           	
   348  07FD                     l689:	
   349                           	line	18
   350                           	
   351  07FD                     l690:	
   352                           	global	start
   353  07FD  120A  118A  2800   	ljmp	start
   354                           	opt stack 0
   355                           GLOBAL	__end_of_main
   356  0800                     	__end_of_main:
   357 ;; =============== function _main ends ============
   358                           
   359                           	signat	_main,88
   360                           psect	maintext
   361                           	global	btemp
   362  007E                     	btemp set 07Eh
   363                           
   364                           	DABS	1,126,2	;btemp
   365                           	global	wtemp0
   366  007E                     	wtemp0 set btemp


HI-TECH Software PICC Macro Assembler V9.83 build 10920 
Symbol Table                                                                                   Thu Dec 17 13:24:53 2020

                  _RD 0C60                    _WR 0C61                   l690 07FD                   l687 07B9  
                 l688 07FC                   l689 07FD                   _GIE 005F                  l2601 07BD  
                l2603 07CA                  l2605 07EB                  l2607 07EE                  l2595 07B1  
                l2597 07B4                  l2599 07B9                  u2227 07C3                  u2237 07D3  
                u2247 07E4                  u2257 07F4                  _WREN 0C62                  _main 07B1  
                btemp 007E                  start 0000                 ?_main 0070                 _EEADR 010D  
               _CARRY 0018                 _PORTB 0006                 _TRISB 0086                 status 0003  
               wtemp0 007E          __end_of_main 0800                ??_main 0070                _EEDATA 010C  
              _EECON1 018C                _EECON2 018D        __pcstackCOMMON 0070            __pmaintext 07B1  
end_of_initialization 07AD   start_initialization 07AD         __size_of_main 004F  
